\BOOKMARK [1][-]{section.1}{Coursera Capstone Project: Segmenting and Clustering Neighborhoods in Toronto}{}% 1
\BOOKMARK [2][-]{subsection.1.1}{Assignmen Question 1}{section.1}% 2
\BOOKMARK [3][-]{subsubsection.1.1.1}{Part 1 of Question 1}{subsection.1.1}% 3
\BOOKMARK [3][-]{subsubsection.1.1.2}{Part 2 of Question 1}{subsection.1.1}% 4
\BOOKMARK [3][-]{subsubsection.1.1.3}{Part 3 of Question 1}{subsection.1.1}% 5
\BOOKMARK [3][-]{subsubsection.1.1.4}{Part 4 of the Question 1}{subsection.1.1}% 6
\BOOKMARK [2][-]{subsection.1.2}{Assignment Question 2}{section.1}% 7
\BOOKMARK [3][-]{subsubsection.1.2.1}{Get the latitude and the longitude coordinates of each neighborhood}{subsection.1.2}% 8
\BOOKMARK [3][-]{subsubsection.1.2.2}{From above simple solution, we are not able to get the geohraphical coordinates of the neighborhoods using the Geocoder package, we use the given csv file instead.}{subsection.1.2}% 9
\BOOKMARK [2][-]{subsection.1.3}{Assignment Question 3 Explore and cluster the neighborhoods in Toronto}{section.1}% 10
\BOOKMARK [3][-]{subsubsection.1.3.1}{Create a map of the whole Toronto City with neighborhoods superimposed on top}{subsection.1.3}% 11
\BOOKMARK [3][-]{subsubsection.1.3.2}{Add markers to the map.}{subsection.1.3}% 12
\BOOKMARK [3][-]{subsubsection.1.3.3}{Map of a part of Toronto City}{subsection.1.3}% 13
\BOOKMARK [3][-]{subsubsection.1.3.4}{New marked map}{subsection.1.3}% 14
\BOOKMARK [3][-]{subsubsection.1.3.5}{Define Foursquare Credentials and Version}{subsection.1.3}% 15
\BOOKMARK [3][-]{subsubsection.1.3.6}{Explore the first neighborhood in our data frame ``df\137toronto\137denc''}{subsection.1.3}% 16
\BOOKMARK [3][-]{subsubsection.1.3.7}{Now, let's get the top 100 venues that are in The Beaches within a radius of 500 meters.}{subsection.1.3}% 17
\BOOKMARK [3][-]{subsubsection.1.3.8}{Explore neighborhoods in a part of Toronto City}{subsection.1.3}% 18
\BOOKMARK [3][-]{subsubsection.1.3.9}{Analyze Each Neighborhood}{subsection.1.3}% 19
\BOOKMARK [3][-]{subsubsection.1.3.10}{Cluster neighborhoods}{subsection.1.3}% 20
\BOOKMARK [3][-]{subsubsection.1.3.11}{Examine Clusters}{subsection.1.3}% 21
\BOOKMARK [2][-]{subsection.1.4}{End of Coursera Capstone Project: Segmenting and Clustering Neighborhoods in Toronto}{section.1}% 22
\BOOKMARK [2][-]{subsection.1.5}{Thank you ! Evaluator}{section.1}% 23
